debug2018-05-05 14:33:08.766select :SELECT top 1 * FROM DBServerInfo
debug2018-05-05 14:33:45.809select :SELECT top 1 * FROM DBServerInfo
debug2018-05-05 14:34:52.702select :SELECT top 1 * FROM DBServerInfo
debug2018-05-05 14:36:47.908select :SELECT top 1 * FROM DBServerInfo
debug2018-05-05 14:38:09.685select :SELECT top 1 * FROM DBServerInfo
debug2018-05-05 14:40:08.504select :SELECT top 1 * FROM DBServerInfo
debug2018-05-05 14:41:16.635select :SELECT top 1 * FROM DBServerInfo
debug2018-05-05 14:42:23.797select :SELECT top 1 * FROM DBServerInfo
debug2018-05-05 14:43:19.679select :SELECT top 1 * FROM DBServerInfo
debug2018-05-05 14:43:54.772select :SELECT top 1 * FROM DBServerInfo
debug2018-05-05 14:45:54.299select :SELECT top 1 * FROM DBServerInfo
debug2018-05-05 14:47:04.822select :SELECT top 1 * FROM DBServerInfo
debug2018-05-05 14:48:40.809select :SELECT top 1 * FROM DBServerInfo
debug2018-05-05 14:49:12.231select :SELECT top 1 * FROM DBServerInfo
debug2018-05-05 14:51:11.638select :SELECT top 1 * FROM DBServerInfo
debug2018-05-05 14:52:54.884发送失败:ip = 127.0.0.1 port = 65963 data = sdfsfsd  错误:System.ArgumentOutOfRangeException: 指定的参数已超出有效值的范围。
参数名: port
   在 System.Net.Sockets.Socket.Connect(String host, Int32 port)
   在 SJHanHaiGameDataWeb.Tools.SJSocket.sendTo(String ip, Int32 port, String jsondata) 位置 f:\Pro\Game\Web\SJHanHaiGameDataWeb\SJHanHaiGameDataWeb\Tools\SJSocket.cs:行号 52
debug2018-05-05 14:53:12.257发送失败:ip = 127.0.0.1 port = 65963 data = sdfsfsd  错误:System.ArgumentOutOfRangeException: 指定的参数已超出有效值的范围。
参数名: port
   在 System.Net.Sockets.Socket.Connect(String host, Int32 port)
   在 SJHanHaiGameDataWeb.Tools.SJSocket.sendTo(String ip, Int32 port, String jsondata) 位置 f:\Pro\Game\Web\SJHanHaiGameDataWeb\SJHanHaiGameDataWeb\Tools\SJSocket.cs:行号 52
debug2018-05-05 14:54:11.731发送失败:ip = 127.0.0.1 port = 65963 data = sdfsfsd  错误:System.ArgumentOutOfRangeException: 指定的参数已超出有效值的范围。
参数名: port
   在 System.Net.Sockets.Socket.Connect(String host, Int32 port)
   在 SJHanHaiGameDataWeb.Tools.SJSocket.sendTo(String ip, Int32 port, String jsondata) 位置 f:\Pro\Game\Web\SJHanHaiGameDataWeb\SJHanHaiGameDataWeb\Tools\SJSocket.cs:行号 52
debug2018-05-05 14:56:31.140select :SELECT top 1 * FROM DBServerInfo
debug2018-05-05 14:57:13.306发送失败:ip = 127.0.0.1 port = 65963 data = sdfsfsd  错误:System.ArgumentOutOfRangeException: 指定的参数已超出有效值的范围。
参数名: port
   在 System.Net.Sockets.Socket.Connect(String host, Int32 port)
   在 SJHanHaiGameDataWeb.Tools.SJSocket.sendTo(String ip, Int32 port, String jsondata) 位置 f:\Pro\Game\Web\SJHanHaiGameDataWeb\SJHanHaiGameDataWeb\Tools\SJSocket.cs:行号 52
debug2018-05-05 15:05:48.087select :SELECT top 1 * FROM DBServerInfo
debug2018-05-05 15:19:04.520select :SELECT top 1 * FROM DBServerInfo
debug2018-05-05 19:22:16.597select :select top 1 * from Account loginAccount=string and password=string and gameid=string
debug2018-05-05 19:22:17.165数据库查询语句失败:System.Data.SqlClient.SqlException (0x80131904): '=' 附近有语法错误。
   在 System.Data.SqlClient.SqlConnection.OnError(SqlException exception, Boolean breakConnection, Action`1 wrapCloseInAction)
   在 System.Data.SqlClient.SqlInternalConnection.OnError(SqlException exception, Boolean breakConnection, Action`1 wrapCloseInAction)
   在 System.Data.SqlClient.TdsParser.ThrowExceptionAndWarning(TdsParserStateObject stateObj, Boolean callerHasConnectionLock, Boolean asyncClose)
   在 System.Data.SqlClient.TdsParser.TryRun(RunBehavior runBehavior, SqlCommand cmdHandler, SqlDataReader dataStream, BulkCopySimpleResultSet bulkCopyHandler, TdsParserStateObject stateObj, Boolean& dataReady)
   在 System.Data.SqlClient.SqlDataReader.TryConsumeMetaData()
   在 System.Data.SqlClient.SqlDataReader.get_MetaData()
   在 System.Data.SqlClient.SqlCommand.FinishExecuteReader(SqlDataReader ds, RunBehavior runBehavior, String resetOptionsString, Boolean isInternal, Boolean forDescribeParameterEncryption)
   在 System.Data.SqlClient.SqlCommand.RunExecuteReaderTds(CommandBehavior cmdBehavior, RunBehavior runBehavior, Boolean returnStream, Boolean async, Int32 timeout, Task& task, Boolean asyncWrite, Boolean inRetry, SqlDataReader ds, Boolean describeParameterEncryptionRequest)
   在 System.Data.SqlClient.SqlCommand.RunExecuteReader(CommandBehavior cmdBehavior, RunBehavior runBehavior, Boolean returnStream, String method, TaskCompletionSource`1 completion, Int32 timeout, Task& task, Boolean& usedCache, Boolean asyncWrite, Boolean inRetry)
   在 System.Data.SqlClient.SqlCommand.RunExecuteReader(CommandBehavior cmdBehavior, RunBehavior runBehavior, Boolean returnStream, String method)
   在 System.Data.SqlClient.SqlCommand.ExecuteReader(CommandBehavior behavior, String method)
   在 System.Data.SqlClient.SqlCommand.ExecuteReader()
   在 SJHanHaiGameDataWeb.Tools.DBOper.select(String conStr, String cmdStr, List`1& keys, Dictionary`2& result) 位置 f:\Pro\Game\Web\SJHanHaiGameDataWeb\SJHanHaiGameDataWeb\Tools\DBOper.cs:行号 135
ClientConnectionId:5f2d4701-0e20-4e83-8bd8-551d0aaabca7
Error Number:102,State:1,Class:15
debug2018-05-05 19:22:17.165连接串:Data Source=127.0.0.1;Initial Catalog=HanHai_Web;User ID=sa;Password=huashuosjh
debug2018-05-05 19:22:17.165查询语句:select top 1 * from Account loginAccount=string and password=string and gameid=string
debug2018-05-05 19:22:17.166请求数据库失败：具体查看日志
debug2018-05-05 19:22:38.239select :select top 1 * from Account loginAccount=string and password=string and gameid=string
debug2018-05-05 19:22:38.303数据库查询语句失败:System.Data.SqlClient.SqlException (0x80131904): '=' 附近有语法错误。
   在 System.Data.SqlClient.SqlConnection.OnError(SqlException exception, Boolean breakConnection, Action`1 wrapCloseInAction)
   在 System.Data.SqlClient.SqlInternalConnection.OnError(SqlException exception, Boolean breakConnection, Action`1 wrapCloseInAction)
   在 System.Data.SqlClient.TdsParser.ThrowExceptionAndWarning(TdsParserStateObject stateObj, Boolean callerHasConnectionLock, Boolean asyncClose)
   在 System.Data.SqlClient.TdsParser.TryRun(RunBehavior runBehavior, SqlCommand cmdHandler, SqlDataReader dataStream, BulkCopySimpleResultSet bulkCopyHandler, TdsParserStateObject stateObj, Boolean& dataReady)
   在 System.Data.SqlClient.SqlDataReader.TryConsumeMetaData()
   在 System.Data.SqlClient.SqlDataReader.get_MetaData()
   在 System.Data.SqlClient.SqlCommand.FinishExecuteReader(SqlDataReader ds, RunBehavior runBehavior, String resetOptionsString, Boolean isInternal, Boolean forDescribeParameterEncryption)
   在 System.Data.SqlClient.SqlCommand.RunExecuteReaderTds(CommandBehavior cmdBehavior, RunBehavior runBehavior, Boolean returnStream, Boolean async, Int32 timeout, Task& task, Boolean asyncWrite, Boolean inRetry, SqlDataReader ds, Boolean describeParameterEncryptionRequest)
   在 System.Data.SqlClient.SqlCommand.RunExecuteReader(CommandBehavior cmdBehavior, RunBehavior runBehavior, Boolean returnStream, String method, TaskCompletionSource`1 completion, Int32 timeout, Task& task, Boolean& usedCache, Boolean asyncWrite, Boolean inRetry)
   在 System.Data.SqlClient.SqlCommand.RunExecuteReader(CommandBehavior cmdBehavior, RunBehavior runBehavior, Boolean returnStream, String method)
   在 System.Data.SqlClient.SqlCommand.ExecuteReader(CommandBehavior behavior, String method)
   在 System.Data.SqlClient.SqlCommand.ExecuteReader()
   在 SJHanHaiGameDataWeb.Tools.DBOper.select(String conStr, String cmdStr, List`1& keys, Dictionary`2& result) 位置 f:\Pro\Game\Web\SJHanHaiGameDataWeb\SJHanHaiGameDataWeb\Tools\DBOper.cs:行号 135
ClientConnectionId:5f2d4701-0e20-4e83-8bd8-551d0aaabca7
Error Number:102,State:1,Class:15
debug2018-05-05 19:22:38.303连接串:Data Source=127.0.0.1;Initial Catalog=HanHai_Web;User ID=sa;Password=huashuosjh
debug2018-05-05 19:22:38.303查询语句:select top 1 * from Account loginAccount=string and password=string and gameid=string
debug2018-05-05 19:22:38.303请求数据库失败：具体查看日志
debug2018-05-05 19:22:47.192select :select top 1 * from Account loginAccount=string and password=string and gameid=string
debug2018-05-05 19:22:47.255数据库查询语句失败:System.Data.SqlClient.SqlException (0x80131904): '=' 附近有语法错误。
   在 System.Data.SqlClient.SqlConnection.OnError(SqlException exception, Boolean breakConnection, Action`1 wrapCloseInAction)
   在 System.Data.SqlClient.SqlInternalConnection.OnError(SqlException exception, Boolean breakConnection, Action`1 wrapCloseInAction)
   在 System.Data.SqlClient.TdsParser.ThrowExceptionAndWarning(TdsParserStateObject stateObj, Boolean callerHasConnectionLock, Boolean asyncClose)
   在 System.Data.SqlClient.TdsParser.TryRun(RunBehavior runBehavior, SqlCommand cmdHandler, SqlDataReader dataStream, BulkCopySimpleResultSet bulkCopyHandler, TdsParserStateObject stateObj, Boolean& dataReady)
   在 System.Data.SqlClient.SqlDataReader.TryConsumeMetaData()
   在 System.Data.SqlClient.SqlDataReader.get_MetaData()
   在 System.Data.SqlClient.SqlCommand.FinishExecuteReader(SqlDataReader ds, RunBehavior runBehavior, String resetOptionsString, Boolean isInternal, Boolean forDescribeParameterEncryption)
   在 System.Data.SqlClient.SqlCommand.RunExecuteReaderTds(CommandBehavior cmdBehavior, RunBehavior runBehavior, Boolean returnStream, Boolean async, Int32 timeout, Task& task, Boolean asyncWrite, Boolean inRetry, SqlDataReader ds, Boolean describeParameterEncryptionRequest)
   在 System.Data.SqlClient.SqlCommand.RunExecuteReader(CommandBehavior cmdBehavior, RunBehavior runBehavior, Boolean returnStream, String method, TaskCompletionSource`1 completion, Int32 timeout, Task& task, Boolean& usedCache, Boolean asyncWrite, Boolean inRetry)
   在 System.Data.SqlClient.SqlCommand.RunExecuteReader(CommandBehavior cmdBehavior, RunBehavior runBehavior, Boolean returnStream, String method)
   在 System.Data.SqlClient.SqlCommand.ExecuteReader(CommandBehavior behavior, String method)
   在 System.Data.SqlClient.SqlCommand.ExecuteReader()
   在 SJHanHaiGameDataWeb.Tools.DBOper.select(String conStr, String cmdStr, List`1& keys, Dictionary`2& result) 位置 f:\Pro\Game\Web\SJHanHaiGameDataWeb\SJHanHaiGameDataWeb\Tools\DBOper.cs:行号 135
ClientConnectionId:5f2d4701-0e20-4e83-8bd8-551d0aaabca7
Error Number:102,State:1,Class:15
debug2018-05-05 19:22:47.255连接串:Data Source=127.0.0.1;Initial Catalog=HanHai_Web;User ID=sa;Password=huashuosjh
debug2018-05-05 19:22:47.255查询语句:select top 1 * from Account loginAccount=string and password=string and gameid=string
debug2018-05-05 19:22:47.256请求数据库失败：具体查看日志
debug2018-05-05 19:27:51.157select :select top 1 * from Account loginAccount=3 and password="" and gameid=23
debug2018-05-05 19:27:51.261数据库查询语句失败:System.Data.SqlClient.SqlException (0x80131904): '=' 附近有语法错误。
缺少对象或列名，或者对象或列名为空。对于 SELECT INTO 语句，请确保每列均具有名称。对于其他语句，请查找空的别名。不允许使用定义为 "" 或 [] 的别名。请将别名更改为有效名称。
   在 System.Data.SqlClient.SqlConnection.OnError(SqlException exception, Boolean breakConnection, Action`1 wrapCloseInAction)
   在 System.Data.SqlClient.SqlInternalConnection.OnError(SqlException exception, Boolean breakConnection, Action`1 wrapCloseInAction)
   在 System.Data.SqlClient.TdsParser.ThrowExceptionAndWarning(TdsParserStateObject stateObj, Boolean callerHasConnectionLock, Boolean asyncClose)
   在 System.Data.SqlClient.TdsParser.TryRun(RunBehavior runBehavior, SqlCommand cmdHandler, SqlDataReader dataStream, BulkCopySimpleResultSet bulkCopyHandler, TdsParserStateObject stateObj, Boolean& dataReady)
   在 System.Data.SqlClient.SqlDataReader.TryConsumeMetaData()
   在 System.Data.SqlClient.SqlDataReader.get_MetaData()
   在 System.Data.SqlClient.SqlCommand.FinishExecuteReader(SqlDataReader ds, RunBehavior runBehavior, String resetOptionsString, Boolean isInternal, Boolean forDescribeParameterEncryption)
   在 System.Data.SqlClient.SqlCommand.RunExecuteReaderTds(CommandBehavior cmdBehavior, RunBehavior runBehavior, Boolean returnStream, Boolean async, Int32 timeout, Task& task, Boolean asyncWrite, Boolean inRetry, SqlDataReader ds, Boolean describeParameterEncryptionRequest)
   在 System.Data.SqlClient.SqlCommand.RunExecuteReader(CommandBehavior cmdBehavior, RunBehavior runBehavior, Boolean returnStream, String method, TaskCompletionSource`1 completion, Int32 timeout, Task& task, Boolean& usedCache, Boolean asyncWrite, Boolean inRetry)
   在 System.Data.SqlClient.SqlCommand.RunExecuteReader(CommandBehavior cmdBehavior, RunBehavior runBehavior, Boolean returnStream, String method)
   在 System.Data.SqlClient.SqlCommand.ExecuteReader(CommandBehavior behavior, String method)
   在 System.Data.SqlClient.SqlCommand.ExecuteReader()
   在 SJHanHaiGameDataWeb.Tools.DBOper.select(String conStr, String cmdStr, List`1& keys, Dictionary`2& result) 位置 f:\Pro\Game\Web\SJHanHaiGameDataWeb\SJHanHaiGameDataWeb\Tools\DBOper.cs:行号 135
ClientConnectionId:b582d958-e4fa-4000-a0b0-dd5adfb5a3d7
Error Number:102,State:1,Class:15
debug2018-05-05 19:27:51.262连接串:Data Source=127.0.0.1;Initial Catalog=HanHai_Web;User ID=sa;Password=huashuosjh
debug2018-05-05 19:27:51.262查询语句:select top 1 * from Account loginAccount=3 and password="" and gameid=23
debug2018-05-05 19:27:51.262请求数据库失败：具体查看日志
debug2018-05-05 19:27:57.438select :select top 1 * from Account loginAccount=3 and password="" and gameid=23
debug2018-05-05 19:27:57.499数据库查询语句失败:System.Data.SqlClient.SqlException (0x80131904): '=' 附近有语法错误。
缺少对象或列名，或者对象或列名为空。对于 SELECT INTO 语句，请确保每列均具有名称。对于其他语句，请查找空的别名。不允许使用定义为 "" 或 [] 的别名。请将别名更改为有效名称。
   在 System.Data.SqlClient.SqlConnection.OnError(SqlException exception, Boolean breakConnection, Action`1 wrapCloseInAction)
   在 System.Data.SqlClient.SqlInternalConnection.OnError(SqlException exception, Boolean breakConnection, Action`1 wrapCloseInAction)
   在 System.Data.SqlClient.TdsParser.ThrowExceptionAndWarning(TdsParserStateObject stateObj, Boolean callerHasConnectionLock, Boolean asyncClose)
   在 System.Data.SqlClient.TdsParser.TryRun(RunBehavior runBehavior, SqlCommand cmdHandler, SqlDataReader dataStream, BulkCopySimpleResultSet bulkCopyHandler, TdsParserStateObject stateObj, Boolean& dataReady)
   在 System.Data.SqlClient.SqlDataReader.TryConsumeMetaData()
   在 System.Data.SqlClient.SqlDataReader.get_MetaData()
   在 System.Data.SqlClient.SqlCommand.FinishExecuteReader(SqlDataReader ds, RunBehavior runBehavior, String resetOptionsString, Boolean isInternal, Boolean forDescribeParameterEncryption)
   在 System.Data.SqlClient.SqlCommand.RunExecuteReaderTds(CommandBehavior cmdBehavior, RunBehavior runBehavior, Boolean returnStream, Boolean async, Int32 timeout, Task& task, Boolean asyncWrite, Boolean inRetry, SqlDataReader ds, Boolean describeParameterEncryptionRequest)
   在 System.Data.SqlClient.SqlCommand.RunExecuteReader(CommandBehavior cmdBehavior, RunBehavior runBehavior, Boolean returnStream, String method, TaskCompletionSource`1 completion, Int32 timeout, Task& task, Boolean& usedCache, Boolean asyncWrite, Boolean inRetry)
   在 System.Data.SqlClient.SqlCommand.RunExecuteReader(CommandBehavior cmdBehavior, RunBehavior runBehavior, Boolean returnStream, String method)
   在 System.Data.SqlClient.SqlCommand.ExecuteReader(CommandBehavior behavior, String method)
   在 System.Data.SqlClient.SqlCommand.ExecuteReader()
   在 SJHanHaiGameDataWeb.Tools.DBOper.select(String conStr, String cmdStr, List`1& keys, Dictionary`2& result) 位置 f:\Pro\Game\Web\SJHanHaiGameDataWeb\SJHanHaiGameDataWeb\Tools\DBOper.cs:行号 135
ClientConnectionId:b582d958-e4fa-4000-a0b0-dd5adfb5a3d7
Error Number:102,State:1,Class:15
debug2018-05-05 19:27:57.499连接串:Data Source=127.0.0.1;Initial Catalog=HanHai_Web;User ID=sa;Password=huashuosjh
debug2018-05-05 19:27:57.499查询语句:select top 1 * from Account loginAccount=3 and password="" and gameid=23
debug2018-05-05 19:27:57.499请求数据库失败：具体查看日志
debug2018-05-05 19:28:29.039select :select top 1 * from Account loginAccount=3 and password="" and gameid=select zhongguonihao
debug2018-05-05 19:28:29.100数据库查询语句失败:System.Data.SqlClient.SqlException (0x80131904): '=' 附近有语法错误。
缺少对象或列名，或者对象或列名为空。对于 SELECT INTO 语句，请确保每列均具有名称。对于其他语句，请查找空的别名。不允许使用定义为 "" 或 [] 的别名。请将别名更改为有效名称。
   在 System.Data.SqlClient.SqlConnection.OnError(SqlException exception, Boolean breakConnection, Action`1 wrapCloseInAction)
   在 System.Data.SqlClient.SqlInternalConnection.OnError(SqlException exception, Boolean breakConnection, Action`1 wrapCloseInAction)
   在 System.Data.SqlClient.TdsParser.ThrowExceptionAndWarning(TdsParserStateObject stateObj, Boolean callerHasConnectionLock, Boolean asyncClose)
   在 System.Data.SqlClient.TdsParser.TryRun(RunBehavior runBehavior, SqlCommand cmdHandler, SqlDataReader dataStream, BulkCopySimpleResultSet bulkCopyHandler, TdsParserStateObject stateObj, Boolean& dataReady)
   在 System.Data.SqlClient.SqlDataReader.TryConsumeMetaData()
   在 System.Data.SqlClient.SqlDataReader.get_MetaData()
   在 System.Data.SqlClient.SqlCommand.FinishExecuteReader(SqlDataReader ds, RunBehavior runBehavior, String resetOptionsString, Boolean isInternal, Boolean forDescribeParameterEncryption)
   在 System.Data.SqlClient.SqlCommand.RunExecuteReaderTds(CommandBehavior cmdBehavior, RunBehavior runBehavior, Boolean returnStream, Boolean async, Int32 timeout, Task& task, Boolean asyncWrite, Boolean inRetry, SqlDataReader ds, Boolean describeParameterEncryptionRequest)
   在 System.Data.SqlClient.SqlCommand.RunExecuteReader(CommandBehavior cmdBehavior, RunBehavior runBehavior, Boolean returnStream, String method, TaskCompletionSource`1 completion, Int32 timeout, Task& task, Boolean& usedCache, Boolean asyncWrite, Boolean inRetry)
   在 System.Data.SqlClient.SqlCommand.RunExecuteReader(CommandBehavior cmdBehavior, RunBehavior runBehavior, Boolean returnStream, String method)
   在 System.Data.SqlClient.SqlCommand.ExecuteReader(CommandBehavior behavior, String method)
   在 System.Data.SqlClient.SqlCommand.ExecuteReader()
   在 SJHanHaiGameDataWeb.Tools.DBOper.select(String conStr, String cmdStr, List`1& keys, Dictionary`2& result) 位置 f:\Pro\Game\Web\SJHanHaiGameDataWeb\SJHanHaiGameDataWeb\Tools\DBOper.cs:行号 135
ClientConnectionId:b582d958-e4fa-4000-a0b0-dd5adfb5a3d7
Error Number:102,State:1,Class:15
debug2018-05-05 19:28:29.101连接串:Data Source=127.0.0.1;Initial Catalog=HanHai_Web;User ID=sa;Password=huashuosjh
debug2018-05-05 19:28:29.101查询语句:select top 1 * from Account loginAccount=3 and password="" and gameid=select zhongguonihao
debug2018-05-05 19:28:29.101请求数据库失败：具体查看日志
debug2018-05-05 19:30:53.512select :select top 1 * from Account loginAccount=3 and password="" and gameid=select zhongguonihao
debug2018-05-05 19:30:53.592数据库查询语句失败:System.Data.SqlClient.SqlException (0x80131904): '=' 附近有语法错误。
缺少对象或列名，或者对象或列名为空。对于 SELECT INTO 语句，请确保每列均具有名称。对于其他语句，请查找空的别名。不允许使用定义为 "" 或 [] 的别名。请将别名更改为有效名称。
   在 System.Data.SqlClient.SqlConnection.OnError(SqlException exception, Boolean breakConnection, Action`1 wrapCloseInAction)
   在 System.Data.SqlClient.SqlInternalConnection.OnError(SqlException exception, Boolean breakConnection, Action`1 wrapCloseInAction)
   在 System.Data.SqlClient.TdsParser.ThrowExceptionAndWarning(TdsParserStateObject stateObj, Boolean callerHasConnectionLock, Boolean asyncClose)
   在 System.Data.SqlClient.TdsParser.TryRun(RunBehavior runBehavior, SqlCommand cmdHandler, SqlDataReader dataStream, BulkCopySimpleResultSet bulkCopyHandler, TdsParserStateObject stateObj, Boolean& dataReady)
   在 System.Data.SqlClient.SqlDataReader.TryConsumeMetaData()
   在 System.Data.SqlClient.SqlDataReader.get_MetaData()
   在 System.Data.SqlClient.SqlCommand.FinishExecuteReader(SqlDataReader ds, RunBehavior runBehavior, String resetOptionsString, Boolean isInternal, Boolean forDescribeParameterEncryption)
   在 System.Data.SqlClient.SqlCommand.RunExecuteReaderTds(CommandBehavior cmdBehavior, RunBehavior runBehavior, Boolean returnStream, Boolean async, Int32 timeout, Task& task, Boolean asyncWrite, Boolean inRetry, SqlDataReader ds, Boolean describeParameterEncryptionRequest)
   在 System.Data.SqlClient.SqlCommand.RunExecuteReader(CommandBehavior cmdBehavior, RunBehavior runBehavior, Boolean returnStream, String method, TaskCompletionSource`1 completion, Int32 timeout, Task& task, Boolean& usedCache, Boolean asyncWrite, Boolean inRetry)
   在 System.Data.SqlClient.SqlCommand.RunExecuteReader(CommandBehavior cmdBehavior, RunBehavior runBehavior, Boolean returnStream, String method)
   在 System.Data.SqlClient.SqlCommand.ExecuteReader(CommandBehavior behavior, String method)
   在 System.Data.SqlClient.SqlCommand.ExecuteReader()
   在 SJHanHaiGameDataWeb.Tools.DBOper.select(String conStr, String cmdStr, List`1& keys, Dictionary`2& result) 位置 f:\Pro\Game\Web\SJHanHaiGameDataWeb\SJHanHaiGameDataWeb\Tools\DBOper.cs:行号 135
ClientConnectionId:30b8ff8d-1ffb-4b5d-a949-244b3fbef249
Error Number:102,State:1,Class:15
debug2018-05-05 19:30:53.606连接串:Data Source=127.0.0.1;Initial Catalog=HanHai_Web;User ID=sa;Password=huashuosjh
debug2018-05-05 19:30:53.606查询语句:select top 1 * from Account loginAccount=3 and password="" and gameid=select zhongguonihao
debug2018-05-05 19:30:55.552请求数据库失败：具体查看日志
debug2018-05-05 19:34:16.654非法用户利用字符串传递敏感字段,试图修改数据库
